<?xml version="1.0" encoding="UTF-8"?>
<!-- Generated by org.testng.reporters.JUnitReportReporter -->
<testsuite skipped="0" hostname="MPINDO03PC219" name="FileReading.FileReading.FileReading" tests="3" failures="0" timestamp="06 Sep 2022 10:04:15 GMT" time="0.007" errors="0">
  <testcase name="testExcel" time="0.001" classname="FileReading.FileReading.FileReading"/>
  <testcase name="testExcel" time="0.006" classname="FileReading.FileReading.FileReading"/>
  <testcase name="testExcel" time="0.000" classname="FileReading.FileReading.FileReading"/>
</testsuite> <!-- FileReading.FileReading.FileReading -->
