<?xml version="1.0" encoding="UTF-8"?>
<!-- Generated by org.testng.reporters.JUnitReportReporter -->
<testsuite skipped="0" hostname="DESKTOP-GU9UQKS" name="FileReading.FileReading.TestFileReading" tests="3" failures="0" timestamp="06 Sep 2022 16:30:05 GMT" time="54.064" errors="0">
  <testcase name="testExcel" time="51.739" classname="FileReading.FileReading.TestFileReading"/>
  <testcase name="testExcel" time="1.607" classname="FileReading.FileReading.TestFileReading"/>
  <testcase name="testExcel" time="0.718" classname="FileReading.FileReading.TestFileReading"/>
</testsuite> <!-- FileReading.FileReading.TestFileReading -->
